This is pdfTeX, Version 3.14159265-2.6-1.40.21 (MiKTeX 2.9.7400 64-bit) (preloaded format=pdflatex 2020.4.19)  30 MAY 2020 20:35
entering extended mode
**"./Functional Derivative.tex"
("Functional Derivative.tex"
LaTeX2e <2020-02-02> patch level 5
L3 programming layer <2020-04-06>
("C:\Users\Andreas\AppData\Local\Programs\MiKTeX 2.9\tex/latex/base\article.cls
"
Document Class: article 2019/12/20 v1.4l Standard LaTeX document class
("C:\Users\Andreas\AppData\Local\Programs\MiKTeX 2.9\tex/latex/base\size12.clo"
File: size12.clo 2019/12/20 v1.4l Standard LaTeX file (size option)
)
\c@part=\count167
\c@section=\count168
\c@subsection=\count169
\c@subsubsection=\count170
\c@paragraph=\count171
\c@subparagraph=\count172
\c@figure=\count173
\c@table=\count174
\abovecaptionskip=\skip47
\belowcaptionskip=\skip48
\bibindent=\dimen134
)
("C:\Users\Andreas\AppData\Local\Programs\MiKTeX 2.9\tex/latex/preprint\fullpag
e.sty"
Package: fullpage 1999/02/23 1.1 (PWD)
\FP@margin=\skip49
)
("C:\Users\Andreas\AppData\Local\Programs\MiKTeX 2.9\tex/latex/amsmath\amsmath.
sty"
Package: amsmath 2020/01/20 v2.17e AMS math features
\@mathmargin=\skip50

For additional information on amsmath, use the `?' option.

("C:\Users\Andreas\AppData\Local\Programs\MiKTeX 2.9\tex/latex/amsmath\amstext.
sty"
Package: amstext 2000/06/29 v2.01 AMS text

("C:\Users\Andreas\AppData\Local\Programs\MiKTeX 2.9\tex/latex/amsmath\amsgen.s
ty"
File: amsgen.sty 1999/11/30 v2.0 generic functions
\@emptytoks=\toks15
\ex@=\dimen135
))
("C:\Users\Andreas\AppData\Local\Programs\MiKTeX 2.9\tex/latex/amsmath\amsbsy.s
ty"
Package: amsbsy 1999/11/29 v1.2d Bold Symbols
\pmbraise@=\dimen136
)
("C:\Users\Andreas\AppData\Local\Programs\MiKTeX 2.9\tex/latex/amsmath\amsopn.s
ty"
Package: amsopn 2016/03/08 v2.02 operator names
)
\inf@bad=\count175
LaTeX Info: Redefining \frac on input line 227.
\uproot@=\count176
\leftroot@=\count177
LaTeX Info: Redefining \overline on input line 389.
\classnum@=\count178
\DOTSCASE@=\count179
LaTeX Info: Redefining \ldots on input line 486.
LaTeX Info: Redefining \dots on input line 489.
LaTeX Info: Redefining \cdots on input line 610.
\Mathstrutbox@=\box45
\strutbox@=\box46
\big@size=\dimen137
LaTeX Font Info:    Redeclaring font encoding OML on input line 733.
LaTeX Font Info:    Redeclaring font encoding OMS on input line 734.
\macc@depth=\count180
\c@MaxMatrixCols=\count181
\dotsspace@=\muskip16
\c@parentequation=\count182
\dspbrk@lvl=\count183
\tag@help=\toks16
\row@=\count184
\column@=\count185
\maxfields@=\count186
\andhelp@=\toks17
\eqnshift@=\dimen138
\alignsep@=\dimen139
\tagshift@=\dimen140
\tagwidth@=\dimen141
\totwidth@=\dimen142
\lineht@=\dimen143
\@envbody=\toks18
\multlinegap=\skip51
\multlinetaggap=\skip52
\mathdisplay@stack=\toks19
LaTeX Info: Redefining \[ on input line 2859.
LaTeX Info: Redefining \] on input line 2860.
)
("C:\Users\Andreas\AppData\Local\Programs\MiKTeX 2.9\tex/latex/physics\physics.
sty"
Package: physics 

("C:\Users\Andreas\AppData\Local\Programs\MiKTeX 2.9\tex/latex/l3packages/xpars
e\xparse.sty"
("C:\Users\Andreas\AppData\Local\Programs\MiKTeX 2.9\tex/latex/l3kernel\expl3.s
ty"
Package: expl3 2020-04-06 L3 programming layer (loader) 

("C:\Users\Andreas\AppData\Local\Programs\MiKTeX 2.9\tex/latex/l3backend\l3back
end-pdfmode.def"
File: l3backend-pdfmode.def 2020-03-12 L3 backend support: PDF mode
\l__kernel_color_stack_int=\count187
\l__pdf_internal_box=\box47
))
Package: xparse 2020-03-06 L3 Experimental document command parser
\l__xparse_current_arg_int=\count188
\g__xparse_grabber_int=\count189
\l__xparse_m_args_int=\count190
\l__xparse_v_nesting_int=\count191
))
("C:\Users\Andreas\AppData\Local\Programs\MiKTeX 2.9\tex/latex/mathtools\mathto
ols.sty"
Package: mathtools 2020/03/24 v1.24 mathematical typesetting tools

("C:\Users\Andreas\AppData\Local\Programs\MiKTeX 2.9\tex/latex/graphics\keyval.
sty"
Package: keyval 2014/10/28 v1.15 key=value parser (DPC)
\KV@toks@=\toks20
)
("C:\Users\Andreas\AppData\Local\Programs\MiKTeX 2.9\tex/latex/tools\calc.sty"
Package: calc 2017/05/25 v4.3 Infix arithmetic (KKT,FJ)
\calc@Acount=\count192
\calc@Bcount=\count193
\calc@Adimen=\dimen144
\calc@Bdimen=\dimen145
\calc@Askip=\skip53
\calc@Bskip=\skip54
LaTeX Info: Redefining \setlength on input line 80.
LaTeX Info: Redefining \addtolength on input line 81.
\calc@Ccount=\count194
\calc@Cskip=\skip55
)
("C:\Users\Andreas\AppData\Local\Programs\MiKTeX 2.9\tex/latex/mathtools\mhsetu
p.sty"
Package: mhsetup 2017/03/31 v1.3 programming setup (MH)
)
LaTeX Info: Thecontrolsequence`\('isalreadyrobust on input line 130.
LaTeX Info: Thecontrolsequence`\)'isalreadyrobust on input line 130.
LaTeX Info: Thecontrolsequence`\['isalreadyrobust on input line 130.
LaTeX Info: Thecontrolsequence`\]'isalreadyrobust on input line 130.
\g_MT_multlinerow_int=\count195
\l_MT_multwidth_dim=\dimen146
\origjot=\skip56
\l_MT_shortvdotswithinadjustabove_dim=\dimen147
\l_MT_shortvdotswithinadjustbelow_dim=\dimen148
\l_MT_above_intertext_sep=\dimen149
\l_MT_below_intertext_sep=\dimen150
\l_MT_above_shortintertext_sep=\dimen151
\l_MT_below_shortintertext_sep=\dimen152
\xmathstrut@box=\box48
\xmathstrut@dim=\dimen153
) ("Functional Derivative.aux")
\openout1 = `"Functional Derivative.aux"'.

LaTeX Font Info:    Checking defaults for OML/cmm/m/it on input line 8.
LaTeX Font Info:    ... okay on input line 8.
LaTeX Font Info:    Checking defaults for OMS/cmsy/m/n on input line 8.
LaTeX Font Info:    ... okay on input line 8.
LaTeX Font Info:    Checking defaults for OT1/cmr/m/n on input line 8.
LaTeX Font Info:    ... okay on input line 8.
LaTeX Font Info:    Checking defaults for T1/cmr/m/n on input line 8.
LaTeX Font Info:    ... okay on input line 8.
LaTeX Font Info:    Checking defaults for TS1/cmr/m/n on input line 8.
LaTeX Font Info:    ... okay on input line 8.
LaTeX Font Info:    Checking defaults for OMX/cmex/m/n on input line 8.
LaTeX Font Info:    ... okay on input line 8.
LaTeX Font Info:    Checking defaults for U/cmr/m/n on input line 8.
LaTeX Font Info:    ... okay on input line 8.

("C:\Users\Andreas\AppData\Local\Programs\MiKTeX 2.9\tex/latex/graphics\graphic
x.sty"
Package: graphicx 2019/11/30 v1.2a Enhanced LaTeX Graphics (DPC,SPQR)

("C:\Users\Andreas\AppData\Local\Programs\MiKTeX 2.9\tex/latex/graphics\graphic
s.sty"
Package: graphics 2019/11/30 v1.4a Standard LaTeX Graphics (DPC,SPQR)

("C:\Users\Andreas\AppData\Local\Programs\MiKTeX 2.9\tex/latex/graphics\trig.st
y"
Package: trig 2016/01/03 v1.10 sin cos tan (DPC)
)
("C:\Users\Andreas\AppData\Local\Programs\MiKTeX 2.9\tex/latex/graphics-cfg\gra
phics.cfg"
File: graphics.cfg 2016/06/04 v1.11 sample graphics configuration
)
Package graphics Info: Driver file: pdftex.def on input line 105.

("C:\Users\Andreas\AppData\Local\Programs\MiKTeX 2.9\tex/latex/graphics-def\pdf
tex.def"
File: pdftex.def 2018/01/08 v1.0l Graphics/color driver for pdftex

("C:\Users\Andreas\AppData\Local\Programs\MiKTeX 2.9\tex/context/base/mkii\supp
-pdf.mkii"
[Loading MPS to PDF converter (version 2006.09.02).]
\scratchcounter=\count196
\scratchdimen=\dimen154
\scratchbox=\box49
\nofMPsegments=\count197
\nofMParguments=\count198
\everyMPshowfont=\toks21
\MPscratchCnt=\count199
\MPscratchDim=\dimen155
\MPnumerator=\count266
\makeMPintoPDFobject=\count267
\everyMPtoPDFconversion=\toks22
)))
("C:\Users\Andreas\AppData\Local\Programs\MiKTeX 2.9\tex/latex/epstopdf-pkg\eps
topdf-base.sty"
Package: epstopdf-base 2020-01-24 v2.11 Base part for package epstopdf
Package epstopdf-base Info: Redefining graphics rule for `.eps' on input line 4
85.
)
\Gin@req@height=\dimen156
\Gin@req@width=\dimen157
)
Underfull \hbox (badness 10000) in paragraph at lines 19--20

 []

[1

{C:/Users/Andreas/AppData/Local/MiKTeX/2.9/pdftex/config/pdftex.map}]
Underfull \hbox (badness 10000) in paragraph at lines 45--47

 []


Underfull \hbox (badness 10000) in paragraph at lines 48--49

 []

[2] [3] [4] [5] ("Functional Derivative.aux") ) 
Here is how much of TeX's memory you used:
 3348 strings out of 480896
 53118 string characters out of 2897199
 306295 words of memory out of 3000000
 19231 multiletter control sequences out of 15000+200000
 539315 words of font info for 48 fonts, out of 3000000 for 9000
 1141 hyphenation exceptions out of 8191
 44i,14n,40p,600b,204s stack positions out of 5000i,500n,10000p,200000b,50000s
{C:/Users/Andreas/AppData/Local/
Programs/MiKTeX 2.9/fonts/enc/dvips/cm-super/cm-super-ts1.enc}<C:/Users/Andreas
/AppData/Local/Programs/MiKTeX 2.9/fonts/type1/public/amsfonts/cm/cmbx12.pfb><C
:/Users/Andreas/AppData/Local/Programs/MiKTeX 2.9/fonts/type1/public/amsfonts/c
m/cmex10.pfb><C:/Users/Andreas/AppData/Local/Programs/MiKTeX 2.9/fonts/type1/pu
blic/amsfonts/cm/cmmi12.pfb><C:/Users/Andreas/AppData/Local/Programs/MiKTeX 2.9
/fonts/type1/public/amsfonts/cm/cmmi8.pfb><C:/Users/Andreas/AppData/Local/Progr
ams/MiKTeX 2.9/fonts/type1/public/amsfonts/cm/cmr12.pfb><C:/Users/Andreas/AppDa
ta/Local/Programs/MiKTeX 2.9/fonts/type1/public/amsfonts/cm/cmr17.pfb><C:/Users
/Andreas/AppData/Local/Programs/MiKTeX 2.9/fonts/type1/public/amsfonts/cm/cmr6.
pfb><C:/Users/Andreas/AppData/Local/Programs/MiKTeX 2.9/fonts/type1/public/amsf
onts/cm/cmr8.pfb><C:/Users/Andreas/AppData/Local/Programs/MiKTeX 2.9/fonts/type
1/public/amsfonts/cm/cmsy10.pfb><C:/Users/Andreas/AppData/Local/Programs/MiKTeX
 2.9/fonts/type1/public/amsfonts/cm/cmsy6.pfb><C:/Users/Andreas/AppData/Local/P
rograms/MiKTeX 2.9/fonts/type1/public/amsfonts/cm/cmsy8.pfb><C:/Users/Andreas/A
ppData/Local/Programs/MiKTeX 2.9/fonts/type1/public/amsfonts/cm/cmti12.pfb><C:/
Users/Andreas/AppData/Local/Programs/MiKTeX 2.9/fonts/type1/public/cm-super/sfr
m1200.pfb>
Output written on "Functional Derivative.pdf" (5 pages, 147462 bytes).
PDF statistics:
 71 PDF objects out of 1000 (max. 8388607)
 0 named destinations out of 1000 (max. 500000)
 1 words of extra memory for PDF output out of 10000 (max. 10000000)

